C:\Users\MORIL027\Documents\GitHub\QMB6315S25_Grading\QMB6315-25Spring-0081\assignment_03
(' New Jersey', 8899339, 7354.0)
(' Rhode Island', 1051511, 1034.0)
(' Massachusetts', 6692824, 7800.0)
(' Connecticut', 3596080, 4842.0)
(' Maryland', 5928814, 9707.0)
(' Delaware', 925749, 1949.0)
(' New York', 19651127, 47126.0)
(' Florida', 19552860, 53625.0)
(' Pennsylvania', 12773801, 44743.0)
(' Ohio', 11570808, 40861.0)
(' California', 38332521, 155779.0)
(' Illinois', 12882135, 55519.0)
(' Hawaii', 1404054, 6423.0)
(' Virginia', 8260405, 39490.0)
(' North Carolina', 9848060, 48618.0)
(' Indiana', 6570902, 35826.0)
(' Michigan', 9895622, 56539.0)
(' Georgia', 9992167, 57513.0)
(' South Carolina', 4774839, 30061.0)
(' Tennessee', 6495978, 41235.0)
(' New Hampshire', 1323459, 8953.0)
(' Kentucky', 4395295, 39486.0)
(' Louisiana', 4625470, 43204.0)
(' Wisconsin', 5742713, 54158.0)
(' Washington', 6971406, 66456.0)
(' Texas', 26448193, 261232.0)
(' Alabama', 4833722, 50645.0)
(' Missouri', 6044171, 68742.0)
(' West Virginia', 1854304, 24038.0)
(' Minnesota', 5420380, 79627.0)
(' Vermont', 626630, 9217.0)
(' Mississippi', 2991207, 46923.0)
(' Arizona', 6626624, 113594.0)
(' Arkansas', 2959373, 52035.0)
(' Oklahoma', 3850568, 68595.0)
(' Iowa', 3090416, 55857.0)
(' Colorado', 5268367, 103642.0)
(' Maine', 1328302, 30843.0)
(' Oregon', 3930065, 95988.0)
(' Kansas', 2893957, 81759.0)
(' Utah', 2900872, 82170.0)
(' Nevada', 2790136, 109781.0)
(' Nebraska', 1868516, 76824.0)
(' Idaho', 1612136, 82643.0)
(' New Mexico', 2085287, 121298.0)
(' South Dakota', 844877, 75811.0)
(' North Dakota', 723393, 69001.0)
(' Montana', 1015165, 145546.0)
(' Wyoming', 582658, 97093.0)
(' Alaska', 735132, 570641.0)
(' D.C.', 646449, 61.0)
(' Puerto Rico', 3615086, 3424.0)
(' U.S. Virgin Is.', 106405, 134.0)
(' Guam', 159358, 210.0)
(' American Samoa', 55519, 76.0)
(' N. Mariana Is.', 53883, 182.0)
(8899339,)
(1051511,)
(6692824,)
(3596080,)
(5928814,)
(925749,)
(19651127,)
(19552860,)
(12773801,)
(11570808,)
(38332521,)
(12882135,)
(1404054,)
(8260405,)
(9848060,)
(6570902,)
(9895622,)
(9992167,)
(4774839,)
(6495978,)
(1323459,)
(4395295,)
(4625470,)
(5742713,)
(6971406,)
(26448193,)
(4833722,)
(6044171,)
(1854304,)
(5420380,)
(626630,)
(2991207,)
(6626624,)
(2959373,)
(3850568,)
(3090416,)
(5268367,)
(1328302,)
(3930065,)
(2893957,)
(2900872,)
(2790136,)
(1868516,)
(1612136,)
(2085287,)
(844877,)
(723393,)
(1015165,)
(582658,)
(735132,)
(646449,)
(3615086,)
(106405,)
(159358,)
(55519,)
(53883,)
(' Delaware',)
(' Vermont',)
(' South Dakota',)
(' North Dakota',)
(' Wyoming',)
(' Alaska',)
(' D.C.',)
(' U.S. Virgin Is.',)
(' Guam',)
(' American Samoa',)
(' N. Mariana Is.',)
(' New Jersey',)
(' Massachusetts',)
(' Maryland',)
(' Delaware',)
(' New York',)
(' Florida',)
(' Pennsylvania',)
(' Ohio',)
(' California',)
(' Illinois',)
(' Virginia',)
(' North Carolina',)
(' Indiana',)
(' Michigan',)
(' Georgia',)
(' Tennessee',)
(' Wisconsin',)
(' Washington',)
(' Texas',)
(' Missouri',)
(' Minnesota',)
(' Vermont',)
(' Arizona',)
(' Colorado',)
(' South Dakota',)
(' North Dakota',)
(' Wyoming',)
(' Alaska',)
(' D.C.',)
(' U.S. Virgin Is.',)
(' Guam',)
(' American Samoa',)
(' N. Mariana Is.',)
(' Rhode Island',)
(' Connecticut',)
(' Hawaii',)
(' South Carolina',)
(' New Hampshire',)
(' Kentucky',)
(' Louisiana',)
(' Alabama',)
(' West Virginia',)
(' Mississippi',)
(' Arkansas',)
(' Oklahoma',)
(' Iowa',)
(' Maine',)
(' Oregon',)
(' Kansas',)
(' Utah',)
(' Nevada',)
(' Nebraska',)
(' Idaho',)
(' New Mexico',)
(' Montana',)
(' Puerto Rico',)
(' Alabama', 'Montgomery', 198525)
(' Alaska', 'Juneau', 32113)
(' Arizona', 'Phoenix', 1680992)
(' Arkansas', 'Little Rock', 197312)
(' California', 'Sacramento', 513624)
(' Colorado', 'Denver', 727211)
(' Connecticut', 'Hartford', 122105)
(' Delaware', 'Dover', 38079)
(' Florida', 'Tallahassee', 194500)
(' Georgia', 'Atlanta', 506811)
(' Hawaii', 'Honolulu', 345064)
(' Idaho', 'Boise', 228959)
(' Illinois', 'Springfield', 114230)
(' Indiana', 'Indianapolis', 876384)
(' Iowa', 'Des Moines', 214237)
(' Kansas', 'Topeka', 125310)
(' Kentucky', 'Frankfort', 27679)
(' Louisiana', 'Baton Rouge', 220236)
(' Maine', 'Augusta', 18681)
(' Maryland', 'Annapolis', 39174)
(' Massachusetts', 'Boston', 692600)
(' Michigan', 'Lansing', 118210)
(' Minnesota', 'Saint Paul', 308096)
(' Mississippi', 'Jackson', 160628)
(' Missouri', 'Jefferson City', 42838)
(' Montana', 'Helena', 32315)
(' Nebraska', 'Lincoln', 289102)
(' Nevada', 'Carson City', 55916)
(' New Hampshire', 'Concord', 43627)
(' New Jersey', 'Trenton', 83203)
(' New Mexico', 'Santa Fe', 84683)
(' New York', 'Albany', 96460)
(' North Carolina', 'Raleigh', 474069)
(' North Dakota', 'Bismarck', 73529)
(' Ohio', 'Columbus', 898553)
(' Oklahoma', 'Oklahoma City', 655057)
(' Oregon', 'Salem', 174365)
(' Pennsylvania', 'Harrisburg', 49528)
(' Rhode Island', 'Providence', 179883)
(' South Carolina', 'Columbia', 131674)
(' South Dakota', 'Pierre', 13646)
(' Tennessee', 'Nashville', 670820)
(' Texas', 'Austin', 978908)
(' Utah', 'Salt Lake City', 200567)
(' Vermont', 'Montpelier', 7855)
(' Virginia', 'Richmond', 230436)
(' Washington', 'Olympia', 46478)
(' West Virginia', 'Charleston', 46536)
(' Wisconsin', 'Madison', 259680)
(' Wyoming', 'Cheyenne', 64235)
(4833722, 198525)
(735132, 32113)
(6626624, 1680992)
(2959373, 197312)
(38332521, 513624)
(5268367, 727211)
(3596080, 122105)
(925749, 38079)
(19552860, 194500)
(9992167, 506811)
(1404054, 345064)
(1612136, 228959)
(12882135, 114230)
(6570902, 876384)
(3090416, 214237)
(2893957, 125310)
(4395295, 27679)
(4625470, 220236)
(1328302, 18681)
(5928814, 39174)
(6692824, 692600)
(9895622, 118210)
(5420380, 308096)
(2991207, 160628)
(6044171, 42838)
(1015165, 32315)
(1868516, 289102)
(2790136, 55916)
(1323459, 43627)
(8899339, 83203)
(2085287, 84683)
(19651127, 96460)
(9848060, 474069)
(723393, 73529)
(11570808, 898553)
(3850568, 655057)
(3930065, 174365)
(12773801, 49528)
(1051511, 179883)
(4774839, 131674)
(844877, 13646)
(6495978, 670820)
(26448193, 978908)
(2900872, 200567)
(626630, 7855)
(8260405, 230436)
(6971406, 46478)
(1854304, 46536)
(5742713, 259680)
(582658, 64235)
(4833722, 198525)
(735132, 32113)
(6626624, 1680992)
(2959373, 197312)
(38332521, 513624)
(5268367, 727211)
(3596080, 122105)
(925749, 38079)
(19552860, 194500)
(9992167, 506811)
(1404054, 345064)
(1612136, 228959)
(12882135, 114230)
(6570902, 876384)
(3090416, 214237)
(2893957, 125310)
(4395295, 27679)
(4625470, 220236)
(1328302, 18681)
(5928814, 39174)
(6692824, 692600)
(9895622, 118210)
(5420380, 308096)
(2991207, 160628)
(6044171, 42838)
(1015165, 32315)
(1868516, 289102)
(2790136, 55916)
(1323459, 43627)
(8899339, 83203)
(2085287, 84683)
(19651127, 96460)
(9848060, 474069)
(723393, 73529)
(11570808, 898553)
(3850568, 655057)
(3930065, 174365)
(12773801, 49528)
(1051511, 179883)
(4774839, 131674)
(844877, 13646)
(6495978, 670820)
(26448193, 978908)
(2900872, 200567)
(626630, 7855)
(8260405, 230436)
(6971406, 46478)
(1854304, 46536)
(5742713, 259680)
(582658, 64235)
(4833722, 198525)
(735132, 32113)
(6626624, 1680992)
(2959373, 197312)
(38332521, 513624)
(5268367, 727211)
(3596080, 122105)
(925749, 38079)
(19552860, 194500)
(9992167, 506811)
(1404054, 345064)
(1612136, 228959)
(12882135, 114230)
(6570902, 876384)
(3090416, 214237)
(2893957, 125310)
(4395295, 27679)
(4625470, 220236)
(1328302, 18681)
(5928814, 39174)
(6692824, 692600)
(9895622, 118210)
(5420380, 308096)
(2991207, 160628)
(6044171, 42838)
(1015165, 32315)
(1868516, 289102)
(2790136, 55916)
(1323459, 43627)
(8899339, 83203)
(2085287, 84683)
(19651127, 96460)
(9848060, 474069)
(723393, 73529)
(11570808, 898553)
(3850568, 655057)
(3930065, 174365)
(12773801, 49528)
(1051511, 179883)
(4774839, 131674)
(844877, 13646)
(6495978, 670820)
(26448193, 978908)
(2900872, 200567)
(626630, 7855)
(8260405, 230436)
(6971406, 46478)
(1854304, 46536)
(5742713, 259680)
(582658, 64235)
(8899339, 83203)
(1051511, 179883)
(6692824, 692600)
(3596080, 122105)
(5928814, 39174)
(925749, 38079)
(19651127, 96460)
(19552860, 194500)
(12773801, 49528)
(11570808, 898553)
(38332521, 513624)
(12882135, 114230)
(1404054, 345064)
(8260405, 230436)
(9848060, 474069)
(6570902, 876384)
(9895622, 118210)
(9992167, 506811)
(4774839, 131674)
(6495978, 670820)
(1323459, 43627)
(4395295, 27679)
(4625470, 220236)
(5742713, 259680)
(6971406, 46478)
(26448193, 978908)
(4833722, 198525)
(6044171, 42838)
(1854304, 46536)
(5420380, 308096)
(626630, 7855)
(2991207, 160628)
(6626624, 1680992)
(2959373, 197312)
(3850568, 655057)
(3090416, 214237)
(5268367, 727211)
(1328302, 18681)
(3930065, 174365)
(2893957, 125310)
(2900872, 200567)
(2790136, 55916)
(1868516, 289102)
(1612136, 228959)
(2085287, 84683)
(844877, 13646)
(723393, 73529)
(1015165, 32315)
(582658, 64235)
(735132, 32113)
(646449, None)
(3615086, None)
(106405, None)
(159358, None)
(55519, None)
(53883, None)
(50645.0,)
(113594.0,)
(52035.0,)
(155779.0,)
(103642.0,)
(4842.0,)
(53625.0,)
(57513.0,)
(6423.0,)
(82643.0,)
(55519.0,)
(35826.0,)
(55857.0,)
(81759.0,)
(43204.0,)
(7800.0,)
(56539.0,)
(79627.0,)
(46923.0,)
(76824.0,)
(48618.0,)
(40861.0,)
(68595.0,)
(95988.0,)
(1034.0,)
(30061.0,)
(41235.0,)
(261232.0,)
(82170.0,)
(39490.0,)
(54158.0,)
(' Arizona',)
(' California',)
(' Colorado',)
(' Georgia',)
(' Indiana',)
(' Massachusetts',)
(' Ohio',)
(' Oklahoma',)
(' Tennessee',)
(' Texas',)
(3535933.0,)
(271694.46,)
(7855,)
(38332521,)
