C:\Users\MORIL027\Documents\GitHub\QMB6315S25_Grading\QMB6315-25Spring-0081\assignment_04
Connection: <sqlite3.Connection object at 0x000001DF64959300>
Cursor: <sqlite3.Cursor object at 0x000001DF6499D6C0>

            SELECT *
            FROM Sales
            
              age          price
count  195.000000     195.000000
mean    24.610256   50236.733333
std      6.952853   41470.291455
min     13.000000    9000.000000
25%     19.000000   19250.000000
50%     22.000000   33500.000000
75%     30.000000   73500.000000
max     44.000000  254000.000000
Index(['sale_id', 'age', 'price'], dtype='object')
                            OLS Regression Results                            
==============================================================================
Dep. Variable:                  price   R-squared:                       0.411
Model:                            OLS   Adj. R-squared:                  0.408
Method:                 Least Squares   F-statistic:                     134.6
Date:                Sun, 27 Apr 2025   Prob (F-statistic):           5.97e-24
Time:                        10:30:15   Log-Likelihood:                -2298.0
No. Observations:                 195   AIC:                             4600.
Df Residuals:                     193   BIC:                             4607.
Df Model:                           1                                         
Covariance Type:            nonrobust                                         
==============================================================================
                 coef    std err          t      P>|t|      [0.025      0.975]
------------------------------------------------------------------------------
Intercept   1.443e+05   8425.999     17.128      0.000    1.28e+05    1.61e+05
age        -3823.0470    329.543    -11.601      0.000   -4473.016   -3173.078
==============================================================================
Omnibus:                       58.681   Durbin-Watson:                   0.579
Prob(Omnibus):                  0.000   Jarque-Bera (JB):              171.108
Skew:                           1.244   Prob(JB):                     6.99e-38
Kurtosis:                       6.856   Cond. No.                         94.4
==============================================================================

Notes:
[1] Standard Errors assume that the covariance matrix of the errors is correctly specified.

           SELECT Sales.*, Specs.*
           FROM Sales
           JOIN Specs ON Sales.sales_id = Specs.sales_id
            
Traceback (most recent call last):
  File "C:\Users\MORIL027\Documents\GitHub\QMB6315S25_Grading\QMB6315-25Spring-0081\assignment_04\airplane_SQL.py", line 151, in <module>
    cur.execute(query_2)
sqlite3.OperationalError: no such column: Sales.sales_id
